0 info it worked if it ends with ok
1 verbose cli [ '/usr/local/Cellar/node/7.7.3/bin/node',
1 verbose cli   '/usr/local/lib/node_modules/npm/bin/npm-cli.js',
1 verbose cli   'run-script',
1 verbose cli   'dev' ]
2 info using npm@4.1.2
3 info using node@v7.7.3
4 verbose run-script [ 'predev', 'dev', 'postdev' ]
5 info lifecycle backreact@1.0.0~predev: backreact@1.0.0
6 silly lifecycle backreact@1.0.0~predev: no script for predev, continuing
7 info lifecycle backreact@1.0.0~dev: backreact@1.0.0
8 verbose lifecycle backreact@1.0.0~dev: unsafe-perm in lifecycle true
9 verbose lifecycle backreact@1.0.0~dev: PATH: /usr/local/lib/node_modules/npm/bin/node-gyp-bin:/Users/yuan/Documents/gitLab/react-build/node_modules/.bin:/usr/local/bin:/usr/bin:/bin:/usr/sbin:/sbin
10 verbose lifecycle backreact@1.0.0~dev: CWD: /Users/yuan/Documents/gitLab/react-build
11 silly lifecycle backreact@1.0.0~dev: Args: [ '-c',
11 silly lifecycle   'webpack-dev-server --port 3000 --devtool eval --progress --colors --hot --content-base dist' ]
12 silly lifecycle backreact@1.0.0~dev: Returned: code: 1  signal: null
13 info lifecycle backreact@1.0.0~dev: Failed to exec dev script
14 verbose stack Error: backreact@1.0.0 dev: `webpack-dev-server --port 3000 --devtool eval --progress --colors --hot --content-base dist`
14 verbose stack Exit status 1
14 verbose stack     at EventEmitter.<anonymous> (/usr/local/lib/node_modules/npm/lib/utils/lifecycle.js:279:16)
14 verbose stack     at emitTwo (events.js:106:13)
14 verbose stack     at EventEmitter.emit (events.js:194:7)
14 verbose stack     at ChildProcess.<anonymous> (/usr/local/lib/node_modules/npm/lib/utils/spawn.js:40:14)
14 verbose stack     at emitTwo (events.js:106:13)
14 verbose stack     at ChildProcess.emit (events.js:194:7)
14 verbose stack     at maybeClose (internal/child_process.js:899:16)
14 verbose stack     at Process.ChildProcess._handle.onexit (internal/child_process.js:226:5)
15 verbose pkgid backreact@1.0.0
16 verbose cwd /Users/yuan/Documents/gitLab/react-build
17 error Darwin 16.5.0
18 error argv "/usr/local/Cellar/node/7.7.3/bin/node" "/usr/local/lib/node_modules/npm/bin/npm-cli.js" "run-script" "dev"
19 error node v7.7.3
20 error npm  v4.1.2
21 error code ELIFECYCLE
22 error backreact@1.0.0 dev: `webpack-dev-server --port 3000 --devtool eval --progress --colors --hot --content-base dist`
22 error Exit status 1
23 error Failed at the backreact@1.0.0 dev script 'webpack-dev-server --port 3000 --devtool eval --progress --colors --hot --content-base dist'.
23 error Make sure you have the latest version of node.js and npm installed.
23 error If you do, this is most likely a problem with the backreact package,
23 error not with npm itself.
23 error Tell the author that this fails on your system:
23 error     webpack-dev-server --port 3000 --devtool eval --progress --colors --hot --content-base dist
23 error You can get information on how to open an issue for this project with:
23 error     npm bugs backreact
23 error Or if that isn't available, you can get their info via:
23 error     npm owner ls backreact
23 error There is likely additional logging output above.
24 verbose exit [ 1, true ]
